# JRE version: OpenJDK Runtime Environment (8.0_152-b02) (build 1.8.0_152-release-1024-b02)
# Java VM: OpenJDK 64-Bit Server VM (25.152-b02 mixed mode windows-amd64 compressed oops)
Heap:
 PSYoungGen      total 219648K, used 186228K [0x00000000e0000000, 0x00000000f2c80000, 0x0000000100000000)
  eden space 200704K, 83% used [0x00000000e0000000,0x00000000ea3645e0,0x00000000ec400000)
  from space 18944K, 99% used [0x00000000ec400000,0x00000000ed678c00,0x00000000ed680000)
  to   space 28160K, 0% used [0x00000000f1100000,0x00000000f1100000,0x00000000f2c80000)
 ParOldGen       total 137728K, used 51487K [0x00000000a0000000, 0x00000000a8680000, 0x00000000e0000000)
  object space 137728K, 37% used [0x00000000a0000000,0x00000000a3247fc0,0x00000000a8680000)
 Metaspace       used 65234K, capacity 67424K, committed 67584K, reserved 1107968K
  class space    used 8613K, capacity 9114K, committed 9216K, reserved 1048576K
GC Heap History (10 events):
Event: 9.501 GC heap before
{Heap before GC invocations=10 (full 2):
 PSYoungGen      total 141312K, used 131584K [0x00000000e0000000, 0x00000000eb780000, 0x0000000100000000)
  eden space 131584K, 100% used [0x00000000e0000000,0x00000000e8080000,0x00000000e8080000)
  from space 9728K, 0% used [0x00000000e8080000,0x00000000e8080000,0x00000000e8a00000)
  to   space 12800K, 0% used [0x00000000eab00000,0x00000000eab00000,0x00000000eb780000)
 ParOldGen       total 94720K, used 19440K [0x00000000a0000000, 0x00000000a5c80000, 0x00000000e0000000)
  object space 94720K, 20% used [0x00000000a0000000,0x00000000a12fc280,0x00000000a5c80000)
 Metaspace       used 43015K, capacity 44038K, committed 44160K, reserved 1087488K
  class space    used 5935K, capacity 6242K, committed 6272K, reserved 1048576K
Event: 9.519 GC heap after
Heap after GC invocations=10 (full 2):
 PSYoungGen      total 173056K, used 12795K [0x00000000e0000000, 0x00000000ed780000, 0x0000000100000000)
  eden space 160256K, 0% used [0x00000000e0000000,0x00000000e0000000,0x00000000e9c80000)
  from space 12800K, 99% used [0x00000000eab00000,0x00000000eb77eda0,0x00000000eb780000)
  to   space 14848K, 0% used [0x00000000e9c80000,0x00000000e9c80000,0x00000000eab00000)
 ParOldGen       total 94720K, used 21065K [0x00000000a0000000, 0x00000000a5c80000, 0x00000000e0000000)
  object space 94720K, 22% used [0x00000000a0000000,0x00000000a1492488,0x00000000a5c80000)
 Metaspace       used 43015K, capacity 44038K, committed 44160K, reserved 1087488K
  class space    used 5935K, capacity 6242K, committed 6272K, reserved 1048576K
}
Event: 11.933 GC heap before
{Heap before GC invocations=11 (full 2):
 PSYoungGen      total 173056K, used 173051K [0x00000000e0000000, 0x00000000ed780000, 0x0000000100000000)
  eden space 160256K, 100% used [0x00000000e0000000,0x00000000e9c80000,0x00000000e9c80000)
  from space 12800K, 99% used [0x00000000eab00000,0x00000000eb77eda0,0x00000000eb780000)
  to   space 14848K, 0% used [0x00000000e9c80000,0x00000000e9c80000,0x00000000eab00000)
 ParOldGen       total 94720K, used 21065K [0x00000000a0000000, 0x00000000a5c80000, 0x00000000e0000000)
  object space 94720K, 22% used [0x00000000a0000000,0x00000000a1492488,0x00000000a5c80000)
 Metaspace       used 53471K, capacity 55272K, committed 55424K, reserved 1097728K
  class space    used 7318K, capacity 7745K, committed 7808K, reserved 1048576K
Event: 11.960 GC heap after
Heap after GC invocations=11 (full 2):
 PSYoungGen      total 175104K, used 14828K [0x00000000e0000000, 0x00000000eec00000, 0x0000000100000000)
  eden space 160256K, 0% used [0x00000000e0000000,0x00000000e0000000,0x00000000e9c80000)
  from space 14848K, 99% used [0x00000000e9c80000,0x00000000eaafb348,0x00000000eab00000)
  to   space 19456K, 0% used [0x00000000ed900000,0x00000000ed900000,0x00000000eec00000)
 ParOldGen       total 94720K, used 27509K [0x00000000a0000000, 0x00000000a5c80000, 0x00000000e0000000)
  object space 94720K, 29% used [0x00000000a0000000,0x00000000a1add6d8,0x00000000a5c80000)
 Metaspace       used 53471K, capacity 55272K, committed 55424K, reserved 1097728K
  class space    used 7318K, capacity 7745K, committed 7808K, reserved 1048576K
}
Event: 19.988 GC heap before
{Heap before GC invocations=12 (full 2):
 PSYoungGen      total 175104K, used 138801K [0x00000000e0000000, 0x00000000eec00000, 0x0000000100000000)
  eden space 160256K, 77% used [0x00000000e0000000,0x00000000e79112a8,0x00000000e9c80000)
  from space 14848K, 99% used [0x00000000e9c80000,0x00000000eaafb348,0x00000000eab00000)
  to   space 19456K, 0% used [0x00000000ed900000,0x00000000ed900000,0x00000000eec00000)
 ParOldGen       total 94720K, used 27509K [0x00000000a0000000, 0x00000000a5c80000, 0x00000000e0000000)
  object space 94720K, 29% used [0x00000000a0000000,0x00000000a1add6d8,0x00000000a5c80000)
 Metaspace       used 57075K, capacity 58966K, committed 59028K, reserved 1099776K
  class space    used 7702K, capacity 8182K, committed 8192K, reserved 1048576K
Event: 20.049 GC heap after
Heap after GC invocations=12 (full 2):
 PSYoungGen      total 217088K, used 11725K [0x00000000e0000000, 0x00000000ee900000, 0x0000000100000000)
  eden space 200704K, 0% used [0x00000000e0000000,0x00000000e0000000,0x00000000ec400000)
  from space 16384K, 71% used [0x00000000ed900000,0x00000000ee473500,0x00000000ee900000)
  to   space 18944K, 0% used [0x00000000ec400000,0x00000000ec400000,0x00000000ed680000)
 ParOldGen       total 94720K, used 35899K [0x00000000a0000000, 0x00000000a5c80000, 0x00000000e0000000)
  object space 94720K, 37% used [0x00000000a0000000,0x00000000a230ee20,0x00000000a5c80000)
 Metaspace       used 57075K, capacity 58966K, committed 59028K, reserved 1099776K
  class space    used 7702K, capacity 8182K, committed 8192K, reserved 1048576K
}
Event: 20.049 GC heap before
{Heap before GC invocations=13 (full 3):
 PSYoungGen      total 217088K, used 11725K [0x00000000e0000000, 0x00000000ee900000, 0x0000000100000000)
  eden space 200704K, 0% used [0x00000000e0000000,0x00000000e0000000,0x00000000ec400000)
  from space 16384K, 71% used [0x00000000ed900000,0x00000000ee473500,0x00000000ee900000)
  to   space 18944K, 0% used [0x00000000ec400000,0x00000000ec400000,0x00000000ed680000)
 ParOldGen       total 94720K, used 35899K [0x00000000a0000000, 0x00000000a5c80000, 0x00000000e0000000)
  object space 94720K, 37% used [0x00000000a0000000,0x00000000a230ee20,0x00000000a5c80000)
 Metaspace       used 57075K, capacity 58966K, committed 59028K, reserved 1099776K
  class space    used 7702K, capacity 8182K, committed 8192K, reserved 1048576K
Event: 20.328 GC heap after
Heap after GC invocations=13 (full 3):
 PSYoungGen      total 217088K, used 0K [0x00000000e0000000, 0x00000000ee900000, 0x0000000100000000)
  eden space 200704K, 0% used [0x00000000e0000000,0x00000000e0000000,0x00000000ec400000)
  from space 16384K, 0% used [0x00000000ed900000,0x00000000ed900000,0x00000000ee900000)
  to   space 18944K, 0% used [0x00000000ec400000,0x00000000ec400000,0x00000000ed680000)
 ParOldGen       total 137728K, used 33311K [0x00000000a0000000, 0x00000000a8680000, 0x00000000e0000000)
  object space 137728K, 24% used [0x00000000a0000000,0x00000000a2087f38,0x00000000a8680000)
 Metaspace       used 57075K, capacity 58966K, committed 59028K, reserved 1099776K
  class space    used 7702K, capacity 8182K, committed 8192K, reserved 1048576K
}
Event: 25.538 GC heap before
{Heap before GC invocations=14 (full 3):
 PSYoungGen      total 217088K, used 200124K [0x00000000e0000000, 0x00000000ee900000, 0x0000000100000000)
  eden space 200704K, 99% used [0x00000000e0000000,0x00000000ec36f008,0x00000000ec400000)
  from space 16384K, 0% used [0x00000000ed900000,0x00000000ed900000,0x00000000ee900000)
  to   space 18944K, 0% used [0x00000000ec400000,0x00000000ec400000,0x00000000ed680000)
 ParOldGen       total 137728K, used 33311K [0x00000000a0000000, 0x00000000a8680000, 0x00000000e0000000)
  object space 137728K, 24% used [0x00000000a0000000,0x00000000a2087f38,0x00000000a8680000)
 Metaspace       used 63743K, capacity 65884K, committed 66048K, reserved 1105920K
  class space    used 8438K, capacity 8957K, committed 8960K, reserved 1048576K
Event: 25.633 GC heap after
Heap after GC invocations=14 (full 3):
 PSYoungGen      total 219648K, used 18915K [0x00000000e0000000, 0x00000000f2c80000, 0x0000000100000000)
  eden space 200704K, 0% used [0x00000000e0000000,0x00000000e0000000,0x00000000ec400000)
  from space 18944K, 99% used [0x00000000ec400000,0x00000000ed678c00,0x00000000ed680000)
  to   space 28160K, 0% used [0x00000000f1100000,0x00000000f1100000,0x00000000f2c80000)
 ParOldGen       total 137728K, used 51487K [0x00000000a0000000, 0x00000000a8680000, 0x00000000e0000000)
  object space 137728K, 37% used [0x00000000a0000000,0x00000000a3247fc0,0x00000000a8680000)
 Metaspace       used 63743K, capacity 65884K, committed 66048K, reserved 1105920K
  class space    used 8438K, capacity 8957K, committed 8960K, reserved 1048576K
}

