# JRE version: OpenJDK Runtime Environment (8.0_152-b02) (build 1.8.0_152-release-1024-b02)
# Java VM: OpenJDK 64-Bit Server VM (25.152-b02 mixed mode windows-amd64 compressed oops)
Heap:
 PSYoungGen      total 179200K, used 46589K [0x00000000e0000000, 0x00000000ef280000, 0x0000000100000000)
  eden space 164352K, 19% used [0x00000000e0000000,0x00000000e1f04200,0x00000000ea080000)
  from space 14848K, 99% used [0x00000000ea080000,0x00000000eaefb328,0x00000000eaf00000)
  to   space 19456K, 0% used [0x00000000edf80000,0x00000000edf80000,0x00000000ef280000)
 ParOldGen       total 94720K, used 28217K [0x00000000a0000000, 0x00000000a5c80000, 0x00000000e0000000)
  object space 94720K, 29% used [0x00000000a0000000,0x00000000a1b8e4d8,0x00000000a5c80000)
 Metaspace       used 54027K, capacity 55830K, committed 56064K, reserved 1097728K
  class space    used 7387K, capacity 7820K, committed 7936K, reserved 1048576K
GC Heap History (10 events):
Event: 4.803 GC heap before
{Heap before GC invocations=7 (full 1):
 PSYoungGen      total 71680K, used 66560K [0x00000000e0000000, 0x00000000e9600000, 0x0000000100000000)
  eden space 66560K, 100% used [0x00000000e0000000,0x00000000e4100000,0x00000000e4100000)
  from space 5120K, 0% used [0x00000000e4100000,0x00000000e4100000,0x00000000e4600000)
  to   space 10240K, 0% used [0x00000000e8c00000,0x00000000e8c00000,0x00000000e9600000)
 ParOldGen       total 58880K, used 8083K [0x00000000a0000000, 0x00000000a3980000, 0x00000000e0000000)
  object space 58880K, 13% used [0x00000000a0000000,0x00000000a07e4fa8,0x00000000a3980000)
 Metaspace       used 26599K, capacity 27132K, committed 27392K, reserved 1073152K
  class space    used 3671K, capacity 3833K, committed 3840K, reserved 1048576K
Event: 4.815 GC heap after
Heap after GC invocations=7 (full 1):
 PSYoungGen      total 114176K, used 7447K [0x00000000e0000000, 0x00000000e9380000, 0x0000000100000000)
  eden space 106496K, 0% used [0x00000000e0000000,0x00000000e0000000,0x00000000e6800000)
  from space 7680K, 96% used [0x00000000e8c00000,0x00000000e9345cf8,0x00000000e9380000)
  to   space 9728K, 0% used [0x00000000e8080000,0x00000000e8080000,0x00000000e8a00000)
 ParOldGen       total 58880K, used 8091K [0x00000000a0000000, 0x00000000a3980000, 0x00000000e0000000)
  object space 58880K, 13% used [0x00000000a0000000,0x00000000a07e6fa8,0x00000000a3980000)
 Metaspace       used 26599K, capacity 27132K, committed 27392K, reserved 1073152K
  class space    used 3671K, capacity 3833K, committed 3840K, reserved 1048576K
}
Event: 7.883 GC heap before
{Heap before GC invocations=8 (full 1):
 PSYoungGen      total 114176K, used 99667K [0x00000000e0000000, 0x00000000e9380000, 0x0000000100000000)
  eden space 106496K, 86% used [0x00000000e0000000,0x00000000e5a0f140,0x00000000e6800000)
  from space 7680K, 96% used [0x00000000e8c00000,0x00000000e9345cf8,0x00000000e9380000)
  to   space 9728K, 0% used [0x00000000e8080000,0x00000000e8080000,0x00000000e8a00000)
 ParOldGen       total 58880K, used 8091K [0x00000000a0000000, 0x00000000a3980000, 0x00000000e0000000)
  object space 58880K, 13% used [0x00000000a0000000,0x00000000a07e6fa8,0x00000000a3980000)
 Metaspace       used 34553K, capacity 35280K, committed 35416K, reserved 1079296K
  class space    used 4770K, capacity 5000K, committed 5120K, reserved 1048576K
Event: 7.900 GC heap after
Heap after GC invocations=8 (full 1):
 PSYoungGen      total 141312K, used 9711K [0x00000000e0000000, 0x00000000ebb80000, 0x0000000100000000)
  eden space 131584K, 0% used [0x00000000e0000000,0x00000000e0000000,0x00000000e8080000)
  from space 9728K, 99% used [0x00000000e8080000,0x00000000e89fbd78,0x00000000e8a00000)
  to   space 12800K, 0% used [0x00000000eaf00000,0x00000000eaf00000,0x00000000ebb80000)
 ParOldGen       total 58880K, used 11460K [0x00000000a0000000, 0x00000000a3980000, 0x00000000e0000000)
  object space 58880K, 19% used [0x00000000a0000000,0x00000000a0b310b0,0x00000000a3980000)
 Metaspace       used 34553K, capacity 35280K, committed 35416K, reserved 1079296K
  class space    used 4770K, capacity 5000K, committed 5120K, reserved 1048576K
}
Event: 7.900 GC heap before
{Heap before GC invocations=9 (full 2):
 PSYoungGen      total 141312K, used 9711K [0x00000000e0000000, 0x00000000ebb80000, 0x0000000100000000)
  eden space 131584K, 0% used [0x00000000e0000000,0x00000000e0000000,0x00000000e8080000)
  from space 9728K, 99% used [0x00000000e8080000,0x00000000e89fbd78,0x00000000e8a00000)
  to   space 12800K, 0% used [0x00000000eaf00000,0x00000000eaf00000,0x00000000ebb80000)
 ParOldGen       total 58880K, used 11460K [0x00000000a0000000, 0x00000000a3980000, 0x00000000e0000000)
  object space 58880K, 19% used [0x00000000a0000000,0x00000000a0b310b0,0x00000000a3980000)
 Metaspace       used 34553K, capacity 35280K, committed 35416K, reserved 1079296K
  class space    used 4770K, capacity 5000K, committed 5120K, reserved 1048576K
Event: 7.973 GC heap after
Heap after GC invocations=9 (full 2):
 PSYoungGen      total 141312K, used 0K [0x00000000e0000000, 0x00000000ebb80000, 0x0000000100000000)
  eden space 131584K, 0% used [0x00000000e0000000,0x00000000e0000000,0x00000000e8080000)
  from space 9728K, 0% used [0x00000000e8080000,0x00000000e8080000,0x00000000e8a00000)
  to   space 12800K, 0% used [0x00000000eaf00000,0x00000000eaf00000,0x00000000ebb80000)
 ParOldGen       total 94720K, used 19479K [0x00000000a0000000, 0x00000000a5c80000, 0x00000000e0000000)
  object space 94720K, 20% used [0x00000000a0000000,0x00000000a1305ce8,0x00000000a5c80000)
 Metaspace       used 34553K, capacity 35280K, committed 35416K, reserved 1079296K
  class space    used 4770K, capacity 5000K, committed 5120K, reserved 1048576K
}
Event: 10.257 GC heap before
{Heap before GC invocations=10 (full 2):
 PSYoungGen      total 141312K, used 131584K [0x00000000e0000000, 0x00000000ebb80000, 0x0000000100000000)
  eden space 131584K, 100% used [0x00000000e0000000,0x00000000e8080000,0x00000000e8080000)
  from space 9728K, 0% used [0x00000000e8080000,0x00000000e8080000,0x00000000e8a00000)
  to   space 12800K, 0% used [0x00000000eaf00000,0x00000000eaf00000,0x00000000ebb80000)
 ParOldGen       total 94720K, used 19479K [0x00000000a0000000, 0x00000000a5c80000, 0x00000000e0000000)
  object space 94720K, 20% used [0x00000000a0000000,0x00000000a1305ce8,0x00000000a5c80000)
 Metaspace       used 42960K, capacity 44020K, committed 44160K, reserved 1087488K
  class space    used 5929K, capacity 6239K, committed 6272K, reserved 1048576K
Event: 10.279 GC heap after
Heap after GC invocations=10 (full 2):
 PSYoungGen      total 177152K, used 12778K [0x00000000e0000000, 0x00000000ed900000, 0x0000000100000000)
  eden space 164352K, 0% used [0x00000000e0000000,0x00000000e0000000,0x00000000ea080000)
  from space 12800K, 99% used [0x00000000eaf00000,0x00000000ebb7a880,0x00000000ebb80000)
  to   space 14848K, 0% used [0x00000000ea080000,0x00000000ea080000,0x00000000eaf00000)
 ParOldGen       total 94720K, used 21130K [0x00000000a0000000, 0x00000000a5c80000, 0x00000000e0000000)
  object space 94720K, 22% used [0x00000000a0000000,0x00000000a14a2b58,0x00000000a5c80000)
 Metaspace       used 42960K, capacity 44020K, committed 44160K, reserved 1087488K
  class space    used 5929K, capacity 6239K, committed 6272K, reserved 1048576K
}
Event: 13.034 GC heap before
{Heap before GC invocations=11 (full 2):
 PSYoungGen      total 177152K, used 177130K [0x00000000e0000000, 0x00000000ed900000, 0x0000000100000000)
  eden space 164352K, 100% used [0x00000000e0000000,0x00000000ea080000,0x00000000ea080000)
  from space 12800K, 99% used [0x00000000eaf00000,0x00000000ebb7a880,0x00000000ebb80000)
  to   space 14848K, 0% used [0x00000000ea080000,0x00000000ea080000,0x00000000eaf00000)
 ParOldGen       total 94720K, used 21130K [0x00000000a0000000, 0x00000000a5c80000, 0x00000000e0000000)
  object space 94720K, 22% used [0x00000000a0000000,0x00000000a14a2b58,0x00000000a5c80000)
 Metaspace       used 53597K, capacity 55400K, committed 55680K, reserved 1097728K
  class space    used 7322K, capacity 7745K, committed 7808K, reserved 1048576K
Event: 13.063 GC heap after
Heap after GC invocations=11 (full 2):
 PSYoungGen      total 179200K, used 14828K [0x00000000e0000000, 0x00000000ef280000, 0x0000000100000000)
  eden space 164352K, 0% used [0x00000000e0000000,0x00000000e0000000,0x00000000ea080000)
  from space 14848K, 99% used [0x00000000ea080000,0x00000000eaefb328,0x00000000eaf00000)
  to   space 19456K, 0% used [0x00000000edf80000,0x00000000edf80000,0x00000000ef280000)
 ParOldGen       total 94720K, used 28217K [0x00000000a0000000, 0x00000000a5c80000, 0x00000000e0000000)
  object space 94720K, 29% used [0x00000000a0000000,0x00000000a1b8e4d8,0x00000000a5c80000)
 Metaspace       used 53597K, capacity 55400K, committed 55680K, reserved 1097728K
  class space    used 7322K, capacity 7745K, committed 7808K, reserved 1048576K
}

